<?xml version="1.0" encoding="UTF-8"?>
<testng-results ignored="0" total="2" passed="2" failed="0" skipped="0">
  <reporter-output>
  </reporter-output>
  <suite started-at="2023-12-18T16:41:14 IST" name="Suite" finished-at="2023-12-18T16:41:28 IST" duration-ms="14029">
    <groups>
    </groups>
    <test started-at="2023-12-18T16:41:14 IST" name="Test" finished-at="2023-12-18T16:41:28 IST" duration-ms="14029">
      <class name="qa.tests.NewTest">
        <test-method signature="f()[pri:0, instance:qa.tests.NewTest@4659191b]" started-at="2023-12-18T16:41:28 IST" name="f" finished-at="2023-12-18T16:41:28 IST" duration-ms="2" status="PASS">
          <reporter-output>
          </reporter-output>
        </test-method> <!-- f -->
      </class> <!-- qa.tests.NewTest -->
      <class name="qa.tests.Testcase1">
        <test-method is-config="true" signature="mainBeforeTestMethod()[pri:0, instance:qa.tests.Testcase1@4310d43]" started-at="2023-12-18T16:41:14 IST" name="mainBeforeTestMethod" finished-at="2023-12-18T16:41:15 IST" duration-ms="289" status="PASS">
          <reporter-output>
          </reporter-output>
        </test-method> <!-- mainBeforeTestMethod -->
        <test-method is-config="true" signature="beforeMethod(java.lang.String,java.lang.reflect.Method)[pri:0, instance:qa.tests.Testcase1@4310d43]" started-at="2023-12-18T16:41:15 IST" name="beforeMethod" finished-at="2023-12-18T16:41:21 IST" duration-ms="5800" status="PASS">
          <params>
            <param index="0">
              <value>
                <![CDATA[chrome]]>
              </value>
            </param>
            <param index="1">
              <value>
                <![CDATA[public void qa.tests.Testcase1.sampleMethodForCredentials()]]>
              </value>
            </param>
          </params>
          <reporter-output>
          </reporter-output>
        </test-method> <!-- beforeMethod -->
        <test-method signature="sampleMethodForCredentials()[pri:0, instance:qa.tests.Testcase1@4310d43]" started-at="2023-12-18T16:41:21 IST" name="sampleMethodForCredentials" finished-at="2023-12-18T16:41:28 IST" duration-ms="7319" status="PASS">
          <reporter-output>
          </reporter-output>
        </test-method> <!-- sampleMethodForCredentials -->
        <test-method is-config="true" signature="afterMethod(org.testng.ITestResult)[pri:0, instance:qa.tests.Testcase1@4310d43]" started-at="2023-12-18T16:41:28 IST" name="afterMethod" finished-at="2023-12-18T16:41:28 IST" duration-ms="287" status="PASS">
          <params>
            <param index="0">
              <value>
                <![CDATA[[TestResult name=sampleMethodForCredentials status=SUCCESS method=Testcase1.sampleMethodForCredentials()[pri:0, instance:qa.tests.Testcase1@4310d43] output={null}]]]>
              </value>
            </param>
          </params>
          <reporter-output>
          </reporter-output>
        </test-method> <!-- afterMethod -->
        <test-method is-config="true" signature="afterTest()[pri:0, instance:qa.tests.Testcase1@4310d43]" started-at="2023-12-18T16:41:28 IST" name="afterTest" finished-at="2023-12-18T16:41:28 IST" duration-ms="296" status="PASS">
          <reporter-output>
          </reporter-output>
        </test-method> <!-- afterTest -->
      </class> <!-- qa.tests.Testcase1 -->
    </test> <!-- Test -->
  </suite> <!-- Suite -->
</testng-results>
